2022-01-05 00:01:58.542  INFO [epps-ayu,,,] 14614 --- [AsyncResolver-bootstrap-executor-0] c.n.d.s.r.aws.ConfigClusterResolver      : Resolving eureka endpoints via configuration
2022-01-05 00:06:58.545  INFO [epps-ayu,,,] 14614 --- [AsyncResolver-bootstrap-executor-0] c.n.d.s.r.aws.ConfigClusterResolver      : Resolving eureka endpoints via configuration
2022-01-05 00:11:58.546  INFO [epps-ayu,,,] 14614 --- [AsyncResolver-bootstrap-executor-0] c.n.d.s.r.aws.ConfigClusterResolver      : Resolving eureka endpoints via configuration
2022-01-05 00:16:58.546  INFO [epps-ayu,,,] 14614 --- [AsyncResolver-bootstrap-executor-0] c.n.d.s.r.aws.ConfigClusterResolver      : Resolving eureka endpoints via configuration
2022-01-05 00:21:58.547  INFO [epps-ayu,,,] 14614 --- [AsyncResolver-bootstrap-executor-0] c.n.d.s.r.aws.ConfigClusterResolver      : Resolving eureka endpoints via configuration
2022-01-05 00:26:58.548  INFO [epps-ayu,,,] 14614 --- [AsyncResolver-bootstrap-executor-0] c.n.d.s.r.aws.ConfigClusterResolver      : Resolving eureka endpoints via configuration
2022-01-05 00:31:58.549  INFO [epps-ayu,,,] 14614 --- [AsyncResolver-bootstrap-executor-0] c.n.d.s.r.aws.ConfigClusterResolver      : Resolving eureka endpoints via configuration
2022-01-05 00:36:58.549  INFO [epps-ayu,,,] 14614 --- [AsyncResolver-bootstrap-executor-0] c.n.d.s.r.aws.ConfigClusterResolver      : Resolving eureka endpoints via configuration
2022-01-05 00:41:58.550  INFO [epps-ayu,,,] 14614 --- [AsyncResolver-bootstrap-executor-0] c.n.d.s.r.aws.ConfigClusterResolver      : Resolving eureka endpoints via configuration
2022-01-05 00:46:58.550  INFO [epps-ayu,,,] 14614 --- [AsyncResolver-bootstrap-executor-0] c.n.d.s.r.aws.ConfigClusterResolver      : Resolving eureka endpoints via configuration
2022-01-05 00:51:58.551  INFO [epps-ayu,,,] 14614 --- [AsyncResolver-bootstrap-executor-0] c.n.d.s.r.aws.ConfigClusterResolver      : Resolving eureka endpoints via configuration
2022-01-05 00:56:58.552  INFO [epps-ayu,,,] 14614 --- [AsyncResolver-bootstrap-executor-0] c.n.d.s.r.aws.ConfigClusterResolver      : Resolving eureka endpoints via configuration
2022-01-05 01:01:58.553  INFO [epps-ayu,,,] 14614 --- [AsyncResolver-bootstrap-executor-0] c.n.d.s.r.aws.ConfigClusterResolver      : Resolving eureka endpoints via configuration
2022-01-05 01:06:58.553  INFO [epps-ayu,,,] 14614 --- [AsyncResolver-bootstrap-executor-0] c.n.d.s.r.aws.ConfigClusterResolver      : Resolving eureka endpoints via configuration
2022-01-05 01:11:58.554  INFO [epps-ayu,,,] 14614 --- [AsyncResolver-bootstrap-executor-0] c.n.d.s.r.aws.ConfigClusterResolver      : Resolving eureka endpoints via configuration
2022-01-05 01:16:58.554  INFO [epps-ayu,,,] 14614 --- [AsyncResolver-bootstrap-executor-0] c.n.d.s.r.aws.ConfigClusterResolver      : Resolving eureka endpoints via configuration
2022-01-05 01:21:58.555  INFO [epps-ayu,,,] 14614 --- [AsyncResolver-bootstrap-executor-0] c.n.d.s.r.aws.ConfigClusterResolver      : Resolving eureka endpoints via configuration
2022-01-05 01:26:58.556  INFO [epps-ayu,,,] 14614 --- [AsyncResolver-bootstrap-executor-0] c.n.d.s.r.aws.ConfigClusterResolver      : Resolving eureka endpoints via configuration
2022-01-05 01:31:58.556  INFO [epps-ayu,,,] 14614 --- [AsyncResolver-bootstrap-executor-0] c.n.d.s.r.aws.ConfigClusterResolver      : Resolving eureka endpoints via configuration
2022-01-05 01:36:58.568  INFO [epps-ayu,,,] 14614 --- [AsyncResolver-bootstrap-executor-0] c.n.d.s.r.aws.ConfigClusterResolver      : Resolving eureka endpoints via configuration
2022-01-05 01:41:58.569  INFO [epps-ayu,,,] 14614 --- [AsyncResolver-bootstrap-executor-0] c.n.d.s.r.aws.ConfigClusterResolver      : Resolving eureka endpoints via configuration
2022-01-05 01:46:58.570  INFO [epps-ayu,,,] 14614 --- [AsyncResolver-bootstrap-executor-0] c.n.d.s.r.aws.ConfigClusterResolver      : Resolving eureka endpoints via configuration
2022-01-05 01:51:58.571  INFO [epps-ayu,,,] 14614 --- [AsyncResolver-bootstrap-executor-0] c.n.d.s.r.aws.ConfigClusterResolver      : Resolving eureka endpoints via configuration
2022-01-05 01:56:58.571  INFO [epps-ayu,,,] 14614 --- [AsyncResolver-bootstrap-executor-0] c.n.d.s.r.aws.ConfigClusterResolver      : Resolving eureka endpoints via configuration
2022-01-05 02:01:58.572  INFO [epps-ayu,,,] 14614 --- [AsyncResolver-bootstrap-executor-0] c.n.d.s.r.aws.ConfigClusterResolver      : Resolving eureka endpoints via configuration
2022-01-05 02:06:58.573  INFO [epps-ayu,,,] 14614 --- [AsyncResolver-bootstrap-executor-0] c.n.d.s.r.aws.ConfigClusterResolver      : Resolving eureka endpoints via configuration
2022-01-05 02:11:58.573  INFO [epps-ayu,,,] 14614 --- [AsyncResolver-bootstrap-executor-0] c.n.d.s.r.aws.ConfigClusterResolver      : Resolving eureka endpoints via configuration
2022-01-05 02:16:58.574  INFO [epps-ayu,,,] 14614 --- [AsyncResolver-bootstrap-executor-0] c.n.d.s.r.aws.ConfigClusterResolver      : Resolving eureka endpoints via configuration
2022-01-05 02:21:58.575  INFO [epps-ayu,,,] 14614 --- [AsyncResolver-bootstrap-executor-0] c.n.d.s.r.aws.ConfigClusterResolver      : Resolving eureka endpoints via configuration
2022-01-05 02:26:58.575  INFO [epps-ayu,,,] 14614 --- [AsyncResolver-bootstrap-executor-0] c.n.d.s.r.aws.ConfigClusterResolver      : Resolving eureka endpoints via configuration
2022-01-05 02:31:58.576  INFO [epps-ayu,,,] 14614 --- [AsyncResolver-bootstrap-executor-0] c.n.d.s.r.aws.ConfigClusterResolver      : Resolving eureka endpoints via configuration
2022-01-05 02:36:58.577  INFO [epps-ayu,,,] 14614 --- [AsyncResolver-bootstrap-executor-0] c.n.d.s.r.aws.ConfigClusterResolver      : Resolving eureka endpoints via configuration
2022-01-05 02:41:58.578  INFO [epps-ayu,,,] 14614 --- [AsyncResolver-bootstrap-executor-0] c.n.d.s.r.aws.ConfigClusterResolver      : Resolving eureka endpoints via configuration
2022-01-05 02:46:58.578  INFO [epps-ayu,,,] 14614 --- [AsyncResolver-bootstrap-executor-0] c.n.d.s.r.aws.ConfigClusterResolver      : Resolving eureka endpoints via configuration
2022-01-05 02:51:58.579  INFO [epps-ayu,,,] 14614 --- [AsyncResolver-bootstrap-executor-0] c.n.d.s.r.aws.ConfigClusterResolver      : Resolving eureka endpoints via configuration
2022-01-05 02:56:58.580  INFO [epps-ayu,,,] 14614 --- [AsyncResolver-bootstrap-executor-0] c.n.d.s.r.aws.ConfigClusterResolver      : Resolving eureka endpoints via configuration
2022-01-05 03:01:58.581  INFO [epps-ayu,,,] 14614 --- [AsyncResolver-bootstrap-executor-0] c.n.d.s.r.aws.ConfigClusterResolver      : Resolving eureka endpoints via configuration
2022-01-05 03:06:58.581  INFO [epps-ayu,,,] 14614 --- [AsyncResolver-bootstrap-executor-0] c.n.d.s.r.aws.ConfigClusterResolver      : Resolving eureka endpoints via configuration
2022-01-05 03:11:58.593  INFO [epps-ayu,,,] 14614 --- [AsyncResolver-bootstrap-executor-0] c.n.d.s.r.aws.ConfigClusterResolver      : Resolving eureka endpoints via configuration
2022-01-05 03:16:58.594  INFO [epps-ayu,,,] 14614 --- [AsyncResolver-bootstrap-executor-0] c.n.d.s.r.aws.ConfigClusterResolver      : Resolving eureka endpoints via configuration
2022-01-05 03:21:58.594  INFO [epps-ayu,,,] 14614 --- [AsyncResolver-bootstrap-executor-0] c.n.d.s.r.aws.ConfigClusterResolver      : Resolving eureka endpoints via configuration
2022-01-05 03:26:58.595  INFO [epps-ayu,,,] 14614 --- [AsyncResolver-bootstrap-executor-0] c.n.d.s.r.aws.ConfigClusterResolver      : Resolving eureka endpoints via configuration
2022-01-05 03:31:58.596  INFO [epps-ayu,,,] 14614 --- [AsyncResolver-bootstrap-executor-0] c.n.d.s.r.aws.ConfigClusterResolver      : Resolving eureka endpoints via configuration
2022-01-05 03:36:58.596  INFO [epps-ayu,,,] 14614 --- [AsyncResolver-bootstrap-executor-0] c.n.d.s.r.aws.ConfigClusterResolver      : Resolving eureka endpoints via configuration
2022-01-05 03:41:58.597  INFO [epps-ayu,,,] 14614 --- [AsyncResolver-bootstrap-executor-0] c.n.d.s.r.aws.ConfigClusterResolver      : Resolving eureka endpoints via configuration
2022-01-05 03:46:58.598  INFO [epps-ayu,,,] 14614 --- [AsyncResolver-bootstrap-executor-0] c.n.d.s.r.aws.ConfigClusterResolver      : Resolving eureka endpoints via configuration
2022-01-05 03:51:58.598  INFO [epps-ayu,,,] 14614 --- [AsyncResolver-bootstrap-executor-0] c.n.d.s.r.aws.ConfigClusterResolver      : Resolving eureka endpoints via configuration
2022-01-05 03:56:58.599  INFO [epps-ayu,,,] 14614 --- [AsyncResolver-bootstrap-executor-0] c.n.d.s.r.aws.ConfigClusterResolver      : Resolving eureka endpoints via configuration
2022-01-05 04:01:58.600  INFO [epps-ayu,,,] 14614 --- [AsyncResolver-bootstrap-executor-0] c.n.d.s.r.aws.ConfigClusterResolver      : Resolving eureka endpoints via configuration
2022-01-05 04:06:58.601  INFO [epps-ayu,,,] 14614 --- [AsyncResolver-bootstrap-executor-0] c.n.d.s.r.aws.ConfigClusterResolver      : Resolving eureka endpoints via configuration
2022-01-05 04:11:58.601  INFO [epps-ayu,,,] 14614 --- [AsyncResolver-bootstrap-executor-0] c.n.d.s.r.aws.ConfigClusterResolver      : Resolving eureka endpoints via configuration
2022-01-05 04:16:58.602  INFO [epps-ayu,,,] 14614 --- [AsyncResolver-bootstrap-executor-0] c.n.d.s.r.aws.ConfigClusterResolver      : Resolving eureka endpoints via configuration
2022-01-05 04:21:58.603  INFO [epps-ayu,,,] 14614 --- [AsyncResolver-bootstrap-executor-0] c.n.d.s.r.aws.ConfigClusterResolver      : Resolving eureka endpoints via configuration
2022-01-05 04:26:58.603  INFO [epps-ayu,,,] 14614 --- [AsyncResolver-bootstrap-executor-0] c.n.d.s.r.aws.ConfigClusterResolver      : Resolving eureka endpoints via configuration
2022-01-05 04:31:58.604  INFO [epps-ayu,,,] 14614 --- [AsyncResolver-bootstrap-executor-0] c.n.d.s.r.aws.ConfigClusterResolver      : Resolving eureka endpoints via configuration
2022-01-05 04:36:58.604  INFO [epps-ayu,,,] 14614 --- [AsyncResolver-bootstrap-executor-0] c.n.d.s.r.aws.ConfigClusterResolver      : Resolving eureka endpoints via configuration
2022-01-05 04:41:58.605  INFO [epps-ayu,,,] 14614 --- [AsyncResolver-bootstrap-executor-0] c.n.d.s.r.aws.ConfigClusterResolver      : Resolving eureka endpoints via configuration
2022-01-05 04:46:58.606  INFO [epps-ayu,,,] 14614 --- [AsyncResolver-bootstrap-executor-0] c.n.d.s.r.aws.ConfigClusterResolver      : Resolving eureka endpoints via configuration
2022-01-05 04:51:58.606  INFO [epps-ayu,,,] 14614 --- [AsyncResolver-bootstrap-executor-0] c.n.d.s.r.aws.ConfigClusterResolver      : Resolving eureka endpoints via configuration
2022-01-05 04:56:58.607  INFO [epps-ayu,,,] 14614 --- [AsyncResolver-bootstrap-executor-0] c.n.d.s.r.aws.ConfigClusterResolver      : Resolving eureka endpoints via configuration
2022-01-05 05:01:58.608  INFO [epps-ayu,,,] 14614 --- [AsyncResolver-bootstrap-executor-0] c.n.d.s.r.aws.ConfigClusterResolver      : Resolving eureka endpoints via configuration
2022-01-05 05:06:58.608  INFO [epps-ayu,,,] 14614 --- [AsyncResolver-bootstrap-executor-0] c.n.d.s.r.aws.ConfigClusterResolver      : Resolving eureka endpoints via configuration
2022-01-05 05:11:58.609  INFO [epps-ayu,,,] 14614 --- [AsyncResolver-bootstrap-executor-0] c.n.d.s.r.aws.ConfigClusterResolver      : Resolving eureka endpoints via configuration
2022-01-05 05:16:58.610  INFO [epps-ayu,,,] 14614 --- [AsyncResolver-bootstrap-executor-0] c.n.d.s.r.aws.ConfigClusterResolver      : Resolving eureka endpoints via configuration
2022-01-05 05:21:58.611  INFO [epps-ayu,,,] 14614 --- [AsyncResolver-bootstrap-executor-0] c.n.d.s.r.aws.ConfigClusterResolver      : Resolving eureka endpoints via configuration
2022-01-05 05:26:58.611  INFO [epps-ayu,,,] 14614 --- [AsyncResolver-bootstrap-executor-0] c.n.d.s.r.aws.ConfigClusterResolver      : Resolving eureka endpoints via configuration
2022-01-05 05:31:58.612  INFO [epps-ayu,,,] 14614 --- [AsyncResolver-bootstrap-executor-0] c.n.d.s.r.aws.ConfigClusterResolver      : Resolving eureka endpoints via configuration
2022-01-05 05:36:58.613  INFO [epps-ayu,,,] 14614 --- [AsyncResolver-bootstrap-executor-0] c.n.d.s.r.aws.ConfigClusterResolver      : Resolving eureka endpoints via configuration
2022-01-05 05:41:58.613  INFO [epps-ayu,,,] 14614 --- [AsyncResolver-bootstrap-executor-0] c.n.d.s.r.aws.ConfigClusterResolver      : Resolving eureka endpoints via configuration
2022-01-05 05:46:58.614  INFO [epps-ayu,,,] 14614 --- [AsyncResolver-bootstrap-executor-0] c.n.d.s.r.aws.ConfigClusterResolver      : Resolving eureka endpoints via configuration
2022-01-05 05:51:58.615  INFO [epps-ayu,,,] 14614 --- [AsyncResolver-bootstrap-executor-0] c.n.d.s.r.aws.ConfigClusterResolver      : Resolving eureka endpoints via configuration
2022-01-05 05:56:58.615  INFO [epps-ayu,,,] 14614 --- [AsyncResolver-bootstrap-executor-0] c.n.d.s.r.aws.ConfigClusterResolver      : Resolving eureka endpoints via configuration
2022-01-05 06:01:58.616  INFO [epps-ayu,,,] 14614 --- [AsyncResolver-bootstrap-executor-0] c.n.d.s.r.aws.ConfigClusterResolver      : Resolving eureka endpoints via configuration
2022-01-05 06:06:58.628  INFO [epps-ayu,,,] 14614 --- [AsyncResolver-bootstrap-executor-0] c.n.d.s.r.aws.ConfigClusterResolver      : Resolving eureka endpoints via configuration
2022-01-05 06:11:58.628  INFO [epps-ayu,,,] 14614 --- [AsyncResolver-bootstrap-executor-0] c.n.d.s.r.aws.ConfigClusterResolver      : Resolving eureka endpoints via configuration
2022-01-05 06:16:58.629  INFO [epps-ayu,,,] 14614 --- [AsyncResolver-bootstrap-executor-0] c.n.d.s.r.aws.ConfigClusterResolver      : Resolving eureka endpoints via configuration
2022-01-05 06:21:58.630  INFO [epps-ayu,,,] 14614 --- [AsyncResolver-bootstrap-executor-0] c.n.d.s.r.aws.ConfigClusterResolver      : Resolving eureka endpoints via configuration
2022-01-05 06:26:58.630  INFO [epps-ayu,,,] 14614 --- [AsyncResolver-bootstrap-executor-0] c.n.d.s.r.aws.ConfigClusterResolver      : Resolving eureka endpoints via configuration
2022-01-05 06:31:58.631  INFO [epps-ayu,,,] 14614 --- [AsyncResolver-bootstrap-executor-0] c.n.d.s.r.aws.ConfigClusterResolver      : Resolving eureka endpoints via configuration
2022-01-05 06:36:58.632  INFO [epps-ayu,,,] 14614 --- [AsyncResolver-bootstrap-executor-0] c.n.d.s.r.aws.ConfigClusterResolver      : Resolving eureka endpoints via configuration
2022-01-05 06:41:58.632  INFO [epps-ayu,,,] 14614 --- [AsyncResolver-bootstrap-executor-0] c.n.d.s.r.aws.ConfigClusterResolver      : Resolving eureka endpoints via configuration
2022-01-05 06:46:58.662  INFO [epps-ayu,,,] 14614 --- [AsyncResolver-bootstrap-executor-0] c.n.d.s.r.aws.ConfigClusterResolver      : Resolving eureka endpoints via configuration
2022-01-05 06:51:58.663  INFO [epps-ayu,,,] 14614 --- [AsyncResolver-bootstrap-executor-0] c.n.d.s.r.aws.ConfigClusterResolver      : Resolving eureka endpoints via configuration
2022-01-05 06:56:58.663  INFO [epps-ayu,,,] 14614 --- [AsyncResolver-bootstrap-executor-0] c.n.d.s.r.aws.ConfigClusterResolver      : Resolving eureka endpoints via configuration
2022-01-05 07:01:58.664  INFO [epps-ayu,,,] 14614 --- [AsyncResolver-bootstrap-executor-0] c.n.d.s.r.aws.ConfigClusterResolver      : Resolving eureka endpoints via configuration
2022-01-05 07:06:58.664  INFO [epps-ayu,,,] 14614 --- [AsyncResolver-bootstrap-executor-0] c.n.d.s.r.aws.ConfigClusterResolver      : Resolving eureka endpoints via configuration
2022-01-05 07:11:58.665  INFO [epps-ayu,,,] 14614 --- [AsyncResolver-bootstrap-executor-0] c.n.d.s.r.aws.ConfigClusterResolver      : Resolving eureka endpoints via configuration
2022-01-05 07:16:58.666  INFO [epps-ayu,,,] 14614 --- [AsyncResolver-bootstrap-executor-0] c.n.d.s.r.aws.ConfigClusterResolver      : Resolving eureka endpoints via configuration
2022-01-05 07:21:58.666  INFO [epps-ayu,,,] 14614 --- [AsyncResolver-bootstrap-executor-0] c.n.d.s.r.aws.ConfigClusterResolver      : Resolving eureka endpoints via configuration
2022-01-05 07:26:58.667  INFO [epps-ayu,,,] 14614 --- [AsyncResolver-bootstrap-executor-0] c.n.d.s.r.aws.ConfigClusterResolver      : Resolving eureka endpoints via configuration
2022-01-05 07:31:58.668  INFO [epps-ayu,,,] 14614 --- [AsyncResolver-bootstrap-executor-0] c.n.d.s.r.aws.ConfigClusterResolver      : Resolving eureka endpoints via configuration
2022-01-05 07:36:58.668  INFO [epps-ayu,,,] 14614 --- [AsyncResolver-bootstrap-executor-0] c.n.d.s.r.aws.ConfigClusterResolver      : Resolving eureka endpoints via configuration
2022-01-05 07:41:58.669  INFO [epps-ayu,,,] 14614 --- [AsyncResolver-bootstrap-executor-0] c.n.d.s.r.aws.ConfigClusterResolver      : Resolving eureka endpoints via configuration
2022-01-05 07:46:58.670  INFO [epps-ayu,,,] 14614 --- [AsyncResolver-bootstrap-executor-0] c.n.d.s.r.aws.ConfigClusterResolver      : Resolving eureka endpoints via configuration
2022-01-05 07:51:58.670  INFO [epps-ayu,,,] 14614 --- [AsyncResolver-bootstrap-executor-0] c.n.d.s.r.aws.ConfigClusterResolver      : Resolving eureka endpoints via configuration
2022-01-05 07:56:58.671  INFO [epps-ayu,,,] 14614 --- [AsyncResolver-bootstrap-executor-0] c.n.d.s.r.aws.ConfigClusterResolver      : Resolving eureka endpoints via configuration
2022-01-05 08:01:58.672  INFO [epps-ayu,,,] 14614 --- [AsyncResolver-bootstrap-executor-0] c.n.d.s.r.aws.ConfigClusterResolver      : Resolving eureka endpoints via configuration
2022-01-05 08:06:58.672  INFO [epps-ayu,,,] 14614 --- [AsyncResolver-bootstrap-executor-0] c.n.d.s.r.aws.ConfigClusterResolver      : Resolving eureka endpoints via configuration
2022-01-05 08:11:58.673  INFO [epps-ayu,,,] 14614 --- [AsyncResolver-bootstrap-executor-0] c.n.d.s.r.aws.ConfigClusterResolver      : Resolving eureka endpoints via configuration
2022-01-05 08:16:58.673  INFO [epps-ayu,,,] 14614 --- [AsyncResolver-bootstrap-executor-0] c.n.d.s.r.aws.ConfigClusterResolver      : Resolving eureka endpoints via configuration
2022-01-05 08:21:58.674  INFO [epps-ayu,,,] 14614 --- [AsyncResolver-bootstrap-executor-0] c.n.d.s.r.aws.ConfigClusterResolver      : Resolving eureka endpoints via configuration
2022-01-05 08:26:58.675  INFO [epps-ayu,,,] 14614 --- [AsyncResolver-bootstrap-executor-0] c.n.d.s.r.aws.ConfigClusterResolver      : Resolving eureka endpoints via configuration
2022-01-05 08:31:58.675  INFO [epps-ayu,,,] 14614 --- [AsyncResolver-bootstrap-executor-0] c.n.d.s.r.aws.ConfigClusterResolver      : Resolving eureka endpoints via configuration
2022-01-05 08:36:58.676  INFO [epps-ayu,,,] 14614 --- [AsyncResolver-bootstrap-executor-0] c.n.d.s.r.aws.ConfigClusterResolver      : Resolving eureka endpoints via configuration
2022-01-05 08:41:58.677  INFO [epps-ayu,,,] 14614 --- [AsyncResolver-bootstrap-executor-0] c.n.d.s.r.aws.ConfigClusterResolver      : Resolving eureka endpoints via configuration
2022-01-05 08:46:58.677  INFO [epps-ayu,,,] 14614 --- [AsyncResolver-bootstrap-executor-0] c.n.d.s.r.aws.ConfigClusterResolver      : Resolving eureka endpoints via configuration
2022-01-05 08:51:58.678  INFO [epps-ayu,,,] 14614 --- [AsyncResolver-bootstrap-executor-0] c.n.d.s.r.aws.ConfigClusterResolver      : Resolving eureka endpoints via configuration
2022-01-05 08:56:58.679  INFO [epps-ayu,,,] 14614 --- [AsyncResolver-bootstrap-executor-0] c.n.d.s.r.aws.ConfigClusterResolver      : Resolving eureka endpoints via configuration
2022-01-05 09:01:58.680  INFO [epps-ayu,,,] 14614 --- [AsyncResolver-bootstrap-executor-0] c.n.d.s.r.aws.ConfigClusterResolver      : Resolving eureka endpoints via configuration
2022-01-05 09:06:58.680  INFO [epps-ayu,,,] 14614 --- [AsyncResolver-bootstrap-executor-0] c.n.d.s.r.aws.ConfigClusterResolver      : Resolving eureka endpoints via configuration
2022-01-05 09:11:58.681  INFO [epps-ayu,,,] 14614 --- [AsyncResolver-bootstrap-executor-0] c.n.d.s.r.aws.ConfigClusterResolver      : Resolving eureka endpoints via configuration
2022-01-05 09:16:58.682  INFO [epps-ayu,,,] 14614 --- [AsyncResolver-bootstrap-executor-0] c.n.d.s.r.aws.ConfigClusterResolver      : Resolving eureka endpoints via configuration
2022-01-05 09:21:58.682  INFO [epps-ayu,,,] 14614 --- [AsyncResolver-bootstrap-executor-0] c.n.d.s.r.aws.ConfigClusterResolver      : Resolving eureka endpoints via configuration
2022-01-05 09:26:58.683  INFO [epps-ayu,,,] 14614 --- [AsyncResolver-bootstrap-executor-0] c.n.d.s.r.aws.ConfigClusterResolver      : Resolving eureka endpoints via configuration
2022-01-05 09:31:58.684  INFO [epps-ayu,,,] 14614 --- [AsyncResolver-bootstrap-executor-0] c.n.d.s.r.aws.ConfigClusterResolver      : Resolving eureka endpoints via configuration
2022-01-05 09:36:58.684  INFO [epps-ayu,,,] 14614 --- [AsyncResolver-bootstrap-executor-0] c.n.d.s.r.aws.ConfigClusterResolver      : Resolving eureka endpoints via configuration
2022-01-05 09:41:58.685  INFO [epps-ayu,,,] 14614 --- [AsyncResolver-bootstrap-executor-0] c.n.d.s.r.aws.ConfigClusterResolver      : Resolving eureka endpoints via configuration
2022-01-05 09:46:58.686  INFO [epps-ayu,,,] 14614 --- [AsyncResolver-bootstrap-executor-0] c.n.d.s.r.aws.ConfigClusterResolver      : Resolving eureka endpoints via configuration
2022-01-05 09:48:01.759  INFO [epps-ayu,,,] 14614 --- [RMI TCP Connection(2)-127.0.0.1] inMXBeanRegistrar$SpringApplicationAdmin : Application shutdown requested.
2022-01-05 09:48:01.760  INFO [epps-ayu,,,] 14614 --- [RMI TCP Connection(2)-127.0.0.1] o.s.c.n.e.s.EurekaServiceRegistry        : Unregistering application EPPS-AYU with eureka with status DOWN
2022-01-05 09:48:01.760  WARN [epps-ayu,,,] 14614 --- [RMI TCP Connection(2)-127.0.0.1] com.netflix.discovery.DiscoveryClient    : Saw local status change event StatusChangeEvent [timestamp=1641356281760, current=DOWN, previous=UP]
2022-01-05 09:48:01.760  INFO [epps-ayu,,,] 14614 --- [DiscoveryClient-InstanceInfoReplicator-0] com.netflix.discovery.DiscoveryClient    : DiscoveryClient_EPPS-AYU/192.168.0.74:epps-ayu:10081: registering service...
2022-01-05 09:48:01.763  INFO [epps-ayu,,,] 14614 --- [RMI TCP Connection(2)-127.0.0.1] o.a.c.impl.engine.AbstractCamelContext   : Apache Camel 3.2.0 (CamelContext: camel-1) is shutting down
2022-01-05 09:48:01.764  INFO [epps-ayu,,,] 14614 --- [DiscoveryClient-InstanceInfoReplicator-0] com.netflix.discovery.DiscoveryClient    : DiscoveryClient_EPPS-AYU/192.168.0.74:epps-ayu:10081 - registration status: 204
2022-01-05 09:48:01.776  INFO [epps-ayu,,,] 14614 --- [RMI TCP Connection(2)-127.0.0.1] o.a.c.i.engine.DefaultShutdownStrategy   : Starting to graceful shutdown 1 routes (timeout 45 seconds)
2022-01-05 09:48:01.834  INFO [epps-ayu,,,] 14614 --- [Camel (camel-1) thread #1 - ShutdownTask] o.a.c.i.engine.DefaultShutdownStrategy   : Route: route1 shutdown complete, was consuming from: direct://sendMail
2022-01-05 09:48:01.834  INFO [epps-ayu,,,] 14614 --- [RMI TCP Connection(2)-127.0.0.1] o.a.c.i.engine.DefaultShutdownStrategy   : Graceful shutdown of 1 routes completed in 0 seconds
2022-01-05 09:48:01.849  INFO [epps-ayu,,,] 14614 --- [RMI TCP Connection(2)-127.0.0.1] o.a.c.impl.engine.AbstractCamelContext   : Apache Camel 3.2.0 (CamelContext: camel-1) uptime 15 hours 1 minute
2022-01-05 09:48:01.849  INFO [epps-ayu,,,] 14614 --- [RMI TCP Connection(2)-127.0.0.1] o.a.c.impl.engine.AbstractCamelContext   : Apache Camel 3.2.0 (CamelContext: camel-1) is shutdown in 0.086 seconds
2022-01-05 09:48:01.880  INFO [epps-ayu,,,] 14614 --- [RMI TCP Connection(2)-127.0.0.1] o.s.a.r.l.SimpleMessageListenerContainer : Waiting for workers to finish.
2022-01-05 09:48:02.850  INFO [epps-ayu,,,] 14614 --- [RMI TCP Connection(2)-127.0.0.1] o.s.a.r.l.SimpleMessageListenerContainer : Successfully waited for workers to finish.
2022-01-05 09:48:02.863  INFO [epps-ayu,,,] 14614 --- [RMI TCP Connection(2)-127.0.0.1] o.apache.catalina.core.StandardService   : Stopping service [Tomcat]
2022-01-05 09:48:02.894  INFO [epps-ayu,,,] 14614 --- [RMI TCP Connection(2)-127.0.0.1] o.a.c.c.C.[.[localhost].[/epps-ayu]      : Destroying Spring FrameworkServlet 'dispatcherServlet'
2022-01-05 09:48:02.905  WARN [epps-ayu,,,] 14614 --- [RMI TCP Connection(2)-127.0.0.1] o.a.c.loader.WebappClassLoaderBase       : The web application [epps-ayu] appears to have started a thread named [RxIoScheduler-1 (Evictor)] but has failed to stop it. This is very likely to create a memory leak. Stack trace of thread:
 sun.misc.Unsafe.park(Native Method)
 java.util.concurrent.locks.LockSupport.parkNanos(LockSupport.java:215)
 java.util.concurrent.locks.AbstractQueuedSynchronizer$ConditionObject.awaitNanos(AbstractQueuedSynchronizer.java:2078)
 java.util.concurrent.ScheduledThreadPoolExecutor$DelayedWorkQueue.take(ScheduledThreadPoolExecutor.java:1093)
 java.util.concurrent.ScheduledThreadPoolExecutor$DelayedWorkQueue.take(ScheduledThreadPoolExecutor.java:809)
 java.util.concurrent.ThreadPoolExecutor.getTask(ThreadPoolExecutor.java:1074)
 java.util.concurrent.ThreadPoolExecutor.runWorker(ThreadPoolExecutor.java:1134)
 java.util.concurrent.ThreadPoolExecutor$Worker.run(ThreadPoolExecutor.java:624)
 java.lang.Thread.run(Thread.java:748)
2022-01-05 09:48:02.907  WARN [epps-ayu,,,] 14614 --- [RMI TCP Connection(2)-127.0.0.1] o.a.c.loader.WebappClassLoaderBase       : The web application [epps-ayu] appears to have started a thread named [spring.cloud.inetutils] but has failed to stop it. This is very likely to create a memory leak. Stack trace of thread:
 sun.misc.Unsafe.park(Native Method)
 java.util.concurrent.locks.LockSupport.park(LockSupport.java:175)
 java.util.concurrent.locks.AbstractQueuedSynchronizer$ConditionObject.await(AbstractQueuedSynchronizer.java:2039)
 java.util.concurrent.LinkedBlockingQueue.take(LinkedBlockingQueue.java:442)
 java.util.concurrent.ThreadPoolExecutor.getTask(ThreadPoolExecutor.java:1074)
 java.util.concurrent.ThreadPoolExecutor.runWorker(ThreadPoolExecutor.java:1134)
 java.util.concurrent.ThreadPoolExecutor$Worker.run(ThreadPoolExecutor.java:624)
 java.lang.Thread.run(Thread.java:748)
2022-01-05 09:48:02.909  WARN [epps-ayu,,,] 14614 --- [RMI TCP Connection(2)-127.0.0.1] o.a.c.loader.WebappClassLoaderBase       : The web application [epps-ayu] appears to have started a thread named [lettuce-eventExecutorLoop-1-1] but has failed to stop it. This is very likely to create a memory leak. Stack trace of thread:
 sun.misc.Unsafe.park(Native Method)
 java.util.concurrent.locks.LockSupport.parkNanos(LockSupport.java:215)
 java.util.concurrent.locks.AbstractQueuedSynchronizer$ConditionObject.awaitNanos(AbstractQueuedSynchronizer.java:2078)
 java.util.concurrent.LinkedBlockingQueue.poll(LinkedBlockingQueue.java:467)
 io.netty.util.concurrent.SingleThreadEventExecutor.takeTask(SingleThreadEventExecutor.java:256)
 io.netty.util.concurrent.DefaultEventExecutor.run(DefaultEventExecutor.java:64)
 io.netty.util.concurrent.SingleThreadEventExecutor$4.run(SingleThreadEventExecutor.java:989)
 io.netty.util.internal.ThreadExecutorMap$2.run(ThreadExecutorMap.java:74)
 io.netty.util.concurrent.FastThreadLocalRunnable.run(FastThreadLocalRunnable.java:30)
 java.lang.Thread.run(Thread.java:748)
2022-01-05 09:48:02.911  WARN [epps-ayu,,,] 14614 --- [RMI TCP Connection(2)-127.0.0.1] o.a.c.loader.WebappClassLoaderBase       : The web application [epps-ayu] appears to have started a thread named [lettuce-eventExecutorLoop-1-2] but has failed to stop it. This is very likely to create a memory leak. Stack trace of thread:
 sun.misc.Unsafe.park(Native Method)
 java.util.concurrent.locks.LockSupport.parkNanos(LockSupport.java:215)
 java.util.concurrent.locks.AbstractQueuedSynchronizer$ConditionObject.awaitNanos(AbstractQueuedSynchronizer.java:2078)
 java.util.concurrent.LinkedBlockingQueue.poll(LinkedBlockingQueue.java:467)
 io.netty.util.concurrent.SingleThreadEventExecutor.takeTask(SingleThreadEventExecutor.java:256)
 io.netty.util.concurrent.DefaultEventExecutor.run(DefaultEventExecutor.java:64)
 io.netty.util.concurrent.SingleThreadEventExecutor$4.run(SingleThreadEventExecutor.java:989)
 io.netty.util.internal.ThreadExecutorMap$2.run(ThreadExecutorMap.java:74)
 io.netty.util.concurrent.FastThreadLocalRunnable.run(FastThreadLocalRunnable.java:30)
 java.lang.Thread.run(Thread.java:748)
2022-01-05 09:48:02.913  WARN [epps-ayu,,,] 14614 --- [RMI TCP Connection(2)-127.0.0.1] o.a.c.loader.WebappClassLoaderBase       : The web application [epps-ayu] appears to have started a thread named [task-1] but has failed to stop it. This is very likely to create a memory leak. Stack trace of thread:
 com.epps.framework.notification.mail.application.service.impl.EmailServiceImpl.sendMail(EmailServiceImpl.java:58)
 com.epps.framework.notification.mail.interfaces.controller.EmailSchedulerController.getEmailContentAndSendMail(EmailSchedulerController.java:84)
 com.epps.framework.notification.mail.interfaces.controller.EmailSchedulerController.sendAppointmentRequestScheduledEmail(EmailSchedulerController.java:59)
 com.epps.framework.notification.mail.interfaces.controller.EmailSchedulerController$$FastClassBySpringCGLIB$$7b42a330.invoke(<generated>)
 org.springframework.cglib.proxy.MethodProxy.invoke(MethodProxy.java:218)
 org.springframework.aop.framework.CglibAopProxy$CglibMethodInvocation.invokeJoinpoint(CglibAopProxy.java:771)
 org.springframework.aop.framework.ReflectiveMethodInvocation.proceed(ReflectiveMethodInvocation.java:163)
 org.springframework.aop.framework.CglibAopProxy$CglibMethodInvocation.proceed(CglibAopProxy.java:749)
 org.springframework.aop.aspectj.MethodInvocationProceedingJoinPoint.proceed(MethodInvocationProceedingJoinPoint.java:88)
 org.springframework.cloud.sleuth.instrument.async.TraceAsyncAspect.traceBackgroundThread(TraceAsyncAspect.java:70)
 sun.reflect.NativeMethodAccessorImpl.invoke0(Native Method)
 sun.reflect.NativeMethodAccessorImpl.invoke(NativeMethodAccessorImpl.java:62)
 sun.reflect.DelegatingMethodAccessorImpl.invoke(DelegatingMethodAccessorImpl.java:43)
 java.lang.reflect.Method.invoke(Method.java:498)
 org.springframework.aop.aspectj.AbstractAspectJAdvice.invokeAdviceMethodWithGivenArgs(AbstractAspectJAdvice.java:644)
 org.springframework.aop.aspectj.AbstractAspectJAdvice.invokeAdviceMethod(AbstractAspectJAdvice.java:633)
 org.springframework.aop.aspectj.AspectJAroundAdvice.invoke(AspectJAroundAdvice.java:70)
 org.springframework.aop.framework.ReflectiveMethodInvocation.proceed(ReflectiveMethodInvocation.java:186)
 org.springframework.aop.framework.CglibAopProxy$CglibMethodInvocation.proceed(CglibAopProxy.java:749)
 org.springframework.aop.aspectj.MethodInvocationProceedingJoinPoint.proceed(MethodInvocationProceedingJoinPoint.java:88)
 org.springframework.cloud.sleuth.instrument.scheduling.TraceSchedulingAspect.traceBackgroundThread(TraceSchedulingAspect.java:76)
 sun.reflect.NativeMethodAccessorImpl.invoke0(Native Method)
 sun.reflect.NativeMethodAccessorImpl.invoke(NativeMethodAccessorImpl.java:62)
 sun.reflect.DelegatingMethodAccessorImpl.invoke(DelegatingMethodAccessorImpl.java:43)
 java.lang.reflect.Method.invoke(Method.java:498)
 org.springframework.aop.aspectj.AbstractAspectJAdvice.invokeAdviceMethodWithGivenArgs(AbstractAspectJAdvice.java:644)
 org.springframework.aop.aspectj.AbstractAspectJAdvice.invokeAdviceMethod(AbstractAspectJAdvice.java:633)
 org.springframework.aop.aspectj.AspectJAroundAdvice.invoke(AspectJAroundAdvice.java:70)
 org.springframework.aop.framework.ReflectiveMethodInvocation.proceed(ReflectiveMethodInvocation.java:186)
 org.springframework.aop.framework.CglibAopProxy$CglibMethodInvocation.proceed(CglibAopProxy.java:749)
 org.springframework.aop.interceptor.ExposeInvocationInterceptor.invoke(ExposeInvocationInterceptor.java:95)
 org.springframework.aop.framework.ReflectiveMethodInvocation.proceed(ReflectiveMethodInvocation.java:186)
 org.springframework.aop.framework.CglibAopProxy$CglibMethodInvocation.proceed(CglibAopProxy.java:749)
 org.springframework.aop.interceptor.AsyncExecutionInterceptor.lambda$invoke$0(AsyncExecutionInterceptor.java:115)
 org.springframework.aop.interceptor.AsyncExecutionInterceptor$$Lambda$1668/1598656739.call(Unknown Source)
 java.util.concurrent.FutureTask.run(FutureTask.java:266)
 org.springframework.cloud.sleuth.instrument.async.TraceRunnable.run(TraceRunnable.java:68)
 org.springframework.cloud.sleuth.instrument.async.TraceRunnable.run(TraceRunnable.java:68)
 java.util.concurrent.ThreadPoolExecutor.runWorker(ThreadPoolExecutor.java:1149)
 java.util.concurrent.ThreadPoolExecutor$Worker.run(ThreadPoolExecutor.java:624)
 java.lang.Thread.run(Thread.java:748)
2022-01-05 09:48:03.018  INFO [epps-ayu,,,] 14614 --- [RMI TCP Connection(2)-127.0.0.1] o.s.a.r.l.SimpleMessageListenerContainer : Waiting for workers to finish.
2022-01-05 09:48:03.843  INFO [epps-ayu,,,] 14614 --- [RMI TCP Connection(2)-127.0.0.1] o.s.a.r.l.SimpleMessageListenerContainer : Successfully waited for workers to finish.
2022-01-05 09:48:03.843  INFO [epps-ayu,,,] 14614 --- [RMI TCP Connection(2)-127.0.0.1] o.s.i.a.i.AmqpInboundChannelAdapter      : stopped bean 'inbound.springCloudBus.anonymous.LO8kTMhiS1qMtmSwNwjXMw'
2022-01-05 09:48:03.848  INFO [epps-ayu,,,] 14614 --- [RMI TCP Connection(2)-127.0.0.1] o.s.c.stream.binder.BinderErrorChannel   : Channel 'application-1.springCloudBus.anonymous.LO8kTMhiS1qMtmSwNwjXMw.errors' has 1 subscriber(s).
2022-01-05 09:48:03.850  INFO [epps-ayu,,,] 14614 --- [RMI TCP Connection(2)-127.0.0.1] o.s.c.stream.binder.BinderErrorChannel   : Channel 'application-1.springCloudBus.anonymous.LO8kTMhiS1qMtmSwNwjXMw.errors' has 0 subscriber(s).
2022-01-05 09:48:03.853  INFO [epps-ayu,,,] 14614 --- [RMI TCP Connection(2)-127.0.0.1] o.s.i.endpoint.EventDrivenConsumer       : Removing {logging-channel-adapter:_org.springframework.integration.errorLogger} as a subscriber to the 'errorChannel' channel
2022-01-05 09:48:03.853  INFO [epps-ayu,,,] 14614 --- [RMI TCP Connection(2)-127.0.0.1] o.s.i.channel.PublishSubscribeChannel    : Channel 'application-1.errorChannel' has 0 subscriber(s).
2022-01-05 09:48:03.853  INFO [epps-ayu,,,] 14614 --- [RMI TCP Connection(2)-127.0.0.1] o.s.i.endpoint.EventDrivenConsumer       : stopped bean '_org.springframework.integration.errorLogger'
2022-01-05 09:48:03.857  INFO [epps-ayu,,,] 14614 --- [RMI TCP Connection(2)-127.0.0.1] o.s.a.r.l.SimpleMessageListenerContainer : Shutdown ignored - container is not active already
2022-01-05 09:48:03.858  INFO [epps-ayu,,,] 14614 --- [RMI TCP Connection(2)-127.0.0.1] o.s.s.concurrent.ThreadPoolTaskExecutor  : Shutting down ExecutorService 'applicationTaskExecutor'
2022-01-05 09:48:03.873  INFO [epps-ayu,,,] 14614 --- [RMI TCP Connection(2)-127.0.0.1] o.s.s.c.ThreadPoolTaskScheduler          : Shutting down ExecutorService 'taskScheduler'
2022-01-05 09:48:03.911  INFO [epps-ayu,,,] 14614 --- [RMI TCP Connection(2)-127.0.0.1] o.s.i.monitor.IntegrationMBeanExporter   : Summary on shutdown: bean 'errorChannel'
2022-01-05 09:48:03.911  INFO [epps-ayu,,,] 14614 --- [RMI TCP Connection(2)-127.0.0.1] o.s.i.monitor.IntegrationMBeanExporter   : Summary on shutdown: bean 'springCloudBusOutput'
2022-01-05 09:48:03.911  INFO [epps-ayu,,,] 14614 --- [RMI TCP Connection(2)-127.0.0.1] o.s.i.monitor.IntegrationMBeanExporter   : Summary on shutdown: nullChannel
2022-01-05 09:48:03.911  INFO [epps-ayu,,,] 14614 --- [RMI TCP Connection(2)-127.0.0.1] o.s.i.monitor.IntegrationMBeanExporter   : Summary on shutdown: bean 'springCloudBusInput'
2022-01-05 09:48:03.911  INFO [epps-ayu,,,] 14614 --- [RMI TCP Connection(2)-127.0.0.1] o.s.i.monitor.IntegrationMBeanExporter   : Summary on shutdown: bean '_org.springframework.integration.errorLogger.handler' for component '_org.springframework.integration.errorLogger'
2022-01-05 09:48:03.911  INFO [epps-ayu,,,] 14614 --- [RMI TCP Connection(2)-127.0.0.1] o.s.i.monitor.IntegrationMBeanExporter   : Summary on shutdown: org.springframework.cloud.stream.binding.StreamListenerMessageHandler@72c4b8fd
2022-01-05 09:48:03.912  INFO [epps-ayu,,,] 14614 --- [RMI TCP Connection(2)-127.0.0.1] com.netflix.discovery.DiscoveryClient    : Shutting down DiscoveryClient ...
