2024-09-12 05:09:29.676  INFO [epps-integration,,,] 22036 --- [restartedMain] c.c.c.ConfigServicePropertySourceLocator : Fetching config from server at : http://localhost:10088/config
2024-09-12 05:09:31.830  INFO [epps-integration,,,] 22036 --- [restartedMain] c.c.c.ConfigServicePropertySourceLocator : Connect Timeout Exception on Url - http://localhost:10088/config. Will be trying the next url if available
2024-09-12 05:09:31.831  WARN [epps-integration,,,] 22036 --- [restartedMain] c.c.c.ConfigServicePropertySourceLocator : Could not locate PropertySource: I/O error on GET request for "http://localhost:10088/config/epps-integration/uat": Connection refused: connect; nested exception is java.net.ConnectException: Connection refused: connect
2024-09-12 05:09:31.834  INFO [epps-integration,,,] 22036 --- [restartedMain] com.epps.EppsIntegrationApplication      : The following profiles are active: uat
2024-09-12 05:09:33.475  WARN [epps-integration,,,] 22036 --- [restartedMain] o.s.boot.actuate.endpoint.EndpointId     : Endpoint ID 'bus-env' contains invalid characters, please migrate to a valid format.
2024-09-12 05:09:33.785  INFO [epps-integration,,,] 22036 --- [restartedMain] .s.d.r.c.RepositoryConfigurationDelegate : Multiple Spring Data modules found, entering strict repository configuration mode!
2024-09-12 05:09:33.788  INFO [epps-integration,,,] 22036 --- [restartedMain] .s.d.r.c.RepositoryConfigurationDelegate : Bootstrapping Spring Data Redis repositories in DEFAULT mode.
2024-09-12 05:09:33.863  INFO [epps-integration,,,] 22036 --- [restartedMain] .s.d.r.c.RepositoryConfigurationDelegate : Finished Spring Data repository scanning in 55ms. Found 0 Redis repository interfaces.
2024-09-12 05:09:33.911  WARN [epps-integration,,,] 22036 --- [restartedMain] o.s.boot.actuate.endpoint.EndpointId     : Endpoint ID 'bus-refresh' contains invalid characters, please migrate to a valid format.
2024-09-12 05:09:33.965  WARN [epps-integration,,,] 22036 --- [restartedMain] o.s.boot.actuate.endpoint.EndpointId     : Endpoint ID 'service-registry' contains invalid characters, please migrate to a valid format.
2024-09-12 05:09:34.051  WARN [epps-integration,,,] 22036 --- [restartedMain] o.s.boot.actuate.endpoint.EndpointId     : Endpoint ID 'hystrix.stream' contains invalid characters, please migrate to a valid format.
2024-09-12 05:09:34.438  INFO [epps-integration,,,] 22036 --- [restartedMain] o.s.cloud.context.scope.GenericScope     : BeanFactory id=c8a727fb-75ef-318c-98a2-33557aca5c8c
2024-09-12 05:09:34.482  INFO [epps-integration,,,] 22036 --- [restartedMain] faultConfiguringBeanFactoryPostProcessor : No bean named 'errorChannel' has been explicitly defined. Therefore, a default PublishSubscribeChannel will be created.
2024-09-12 05:09:34.500  INFO [epps-integration,,,] 22036 --- [restartedMain] faultConfiguringBeanFactoryPostProcessor : No bean named 'integrationHeaderChannelRegistry' has been explicitly defined. Therefore, a default DefaultHeaderChannelRegistry will be created.
2024-09-12 05:09:35.200  INFO [epps-integration,,,] 22036 --- [restartedMain] trationDelegate$BeanPostProcessorChecker : Bean 'org.apache.camel.spring.boot.CamelAutoConfiguration' of type [org.apache.camel.spring.boot.CamelAutoConfiguration] is not eligible for getting processed by all BeanPostProcessors (for example: not eligible for auto-proxying)
2024-09-12 05:09:35.244  INFO [epps-integration,,,] 22036 --- [restartedMain] trationDelegate$BeanPostProcessorChecker : Bean 'integrationChannelResolver' of type [org.springframework.integration.support.channel.BeanFactoryChannelResolver] is not eligible for getting processed by all BeanPostProcessors (for example: not eligible for auto-proxying)
2024-09-12 05:09:35.249  INFO [epps-integration,,,] 22036 --- [restartedMain] trationDelegate$BeanPostProcessorChecker : Bean 'integrationDisposableAutoCreatedBeans' of type [org.springframework.integration.config.annotation.Disposables] is not eligible for getting processed by all BeanPostProcessors (for example: not eligible for auto-proxying)
2024-09-12 05:09:35.291  INFO [epps-integration,,,] 22036 --- [restartedMain] trationDelegate$BeanPostProcessorChecker : Bean 'org.springframework.integration.config.IntegrationManagementConfiguration' of type [org.springframework.integration.config.IntegrationManagementConfiguration] is not eligible for getting processed by all BeanPostProcessors (for example: not eligible for auto-proxying)
2024-09-12 05:09:35.358  INFO [epps-integration,,,] 22036 --- [restartedMain] trationDelegate$BeanPostProcessorChecker : Bean 'org.springframework.cloud.stream.config.BindersHealthIndicatorAutoConfiguration' of type [org.springframework.cloud.stream.config.BindersHealthIndicatorAutoConfiguration$$EnhancerBySpringCGLIB$$476c21cf] is not eligible for getting processed by all BeanPostProcessors (for example: not eligible for auto-proxying)
2024-09-12 05:09:35.367  INFO [epps-integration,,,] 22036 --- [restartedMain] trationDelegate$BeanPostProcessorChecker : Bean 'bindersHealthContributor' of type [org.springframework.cloud.stream.config.BindersHealthIndicatorAutoConfiguration$BindersHealthContributor] is not eligible for getting processed by all BeanPostProcessors (for example: not eligible for auto-proxying)
2024-09-12 05:09:35.378  INFO [epps-integration,,,] 22036 --- [restartedMain] trationDelegate$BeanPostProcessorChecker : Bean 'bindersHealthIndicatorListener' of type [org.springframework.cloud.stream.config.BindersHealthIndicatorAutoConfiguration$BindersHealthIndicatorListener] is not eligible for getting processed by all BeanPostProcessors (for example: not eligible for auto-proxying)
2024-09-12 05:09:35.389  INFO [epps-integration,,,] 22036 --- [restartedMain] trationDelegate$BeanPostProcessorChecker : Bean 'org.springframework.cloud.stream.binder.rabbit.config.ExtendedBindingHandlerMappingsProviderConfiguration' of type [org.springframework.cloud.stream.binder.rabbit.config.ExtendedBindingHandlerMappingsProviderConfiguration$$EnhancerBySpringCGLIB$$f9717244] is not eligible for getting processed by all BeanPostProcessors (for example: not eligible for auto-proxying)
2024-09-12 05:09:35.396  INFO [epps-integration,,,] 22036 --- [restartedMain] trationDelegate$BeanPostProcessorChecker : Bean 'rabbitExtendedPropertiesDefaultMappingsProvider' of type [org.springframework.cloud.stream.binder.rabbit.config.ExtendedBindingHandlerMappingsProviderConfiguration$$Lambda$414/77488372] is not eligible for getting processed by all BeanPostProcessors (for example: not eligible for auto-proxying)
2024-09-12 05:09:35.413  INFO [epps-integration,,,] 22036 --- [restartedMain] trationDelegate$BeanPostProcessorChecker : Bean 'BindingHandlerAdvise' of type [org.springframework.cloud.stream.config.BindingHandlerAdvise] is not eligible for getting processed by all BeanPostProcessors (for example: not eligible for auto-proxying)
2024-09-12 05:09:35.429  INFO [epps-integration,,,] 22036 --- [restartedMain] trationDelegate$BeanPostProcessorChecker : Bean 'spelConverter' of type [org.springframework.cloud.stream.config.SpelExpressionConverterConfiguration$SpelConverter] is not eligible for getting processed by all BeanPostProcessors (for example: not eligible for auto-proxying)
2024-09-12 05:09:35.434  INFO [epps-integration,,,] 22036 --- [restartedMain] trationDelegate$BeanPostProcessorChecker : Bean 'org.springframework.boot.autoconfigure.flyway.FlywayAutoConfiguration' of type [org.springframework.boot.autoconfigure.flyway.FlywayAutoConfiguration] is not eligible for getting processed by all BeanPostProcessors (for example: not eligible for auto-proxying)
2024-09-12 05:09:35.438  INFO [epps-integration,,,] 22036 --- [restartedMain] trationDelegate$BeanPostProcessorChecker : Bean 'stringOrNumberMigrationVersionConverter' of type [org.springframework.boot.autoconfigure.flyway.FlywayAutoConfiguration$StringOrNumberToMigrationVersionConverter] is not eligible for getting processed by all BeanPostProcessors (for example: not eligible for auto-proxying)
2024-09-12 05:09:35.444  INFO [epps-integration,,,] 22036 --- [restartedMain] trationDelegate$BeanPostProcessorChecker : Bean 'spring.sleuth.redis-org.springframework.cloud.sleuth.instrument.redis.TraceRedisProperties' of type [org.springframework.cloud.sleuth.instrument.redis.TraceRedisProperties] is not eligible for getting processed by all BeanPostProcessors (for example: not eligible for auto-proxying)
2024-09-12 05:09:36.312  INFO [epps-integration,,,] 22036 --- [restartedMain] o.s.b.w.embedded.tomcat.TomcatWebServer  : Tomcat initialized with port(s): 10085 (http)
2024-09-12 05:09:36.324  INFO [epps-integration,,,] 22036 --- [restartedMain] o.apache.catalina.core.StandardService   : Starting service [Tomcat]
2024-09-12 05:09:36.325  INFO [epps-integration,,,] 22036 --- [restartedMain] org.apache.catalina.core.StandardEngine  : Starting Servlet engine: [Apache Tomcat/9.0.50]
2024-09-12 05:09:36.392  INFO [epps-integration,,,] 22036 --- [restartedMain] o.a.c.c.C.[.[localhost].[/epps-ayu]      : Initializing Spring embedded WebApplicationContext
2024-09-12 05:09:36.392  INFO [epps-integration,,,] 22036 --- [restartedMain] w.s.c.ServletWebServerApplicationContext : Root WebApplicationContext: initialization completed in 4530 ms
2024-09-12 05:09:36.605  WARN [epps-integration,,,] 22036 --- [restartedMain] c.n.c.sources.URLConfigurationSource     : No URLs will be polled as dynamic configuration sources.
2024-09-12 05:09:36.605  INFO [epps-integration,,,] 22036 --- [restartedMain] c.n.c.sources.URLConfigurationSource     : To enable URLs as dynamic configuration sources, define System property archaius.configurationSource.additionalUrls or make config.properties available on classpath.
2024-09-12 05:09:36.624  INFO [epps-integration,,,] 22036 --- [restartedMain] c.netflix.config.DynamicPropertyFactory  : DynamicPropertyFactory is initialized with configuration sources: com.netflix.config.ConcurrentCompositeConfiguration@79c3bd84
2024-09-12 05:09:37.374  INFO [epps-integration,,,] 22036 --- [restartedMain] o.apache.camel.support.LRUCacheFactory   : Detected and using LURCacheFactory: camel-caffeine-lrucache
2024-09-12 05:09:39.782  INFO [epps-integration,,,] 22036 --- [restartedMain] o.s.cloud.commons.util.InetUtils         : Cannot determine local hostname
2024-09-12 05:09:40.550  INFO [epps-integration,,,] 22036 --- [restartedMain] o.s.s.c.ThreadPoolTaskScheduler          : Initializing ExecutorService 'taskScheduler'
2024-09-12 05:09:40.896  INFO [epps-integration,,,] 22036 --- [restartedMain] o.s.b.a.e.web.ServletEndpointRegistrar   : Registered '/actuator/hystrix.stream' to hystrix.stream-actuator-endpoint
2024-09-12 05:09:41.059  INFO [epps-integration,,,] 22036 --- [restartedMain] org.hibernate.Version                    : HHH000412: Hibernate ORM core version 5.4.20.Final
2024-09-12 05:09:41.418  INFO [epps-integration,,,] 22036 --- [restartedMain] o.hibernate.annotations.common.Version   : HCANN000001: Hibernate Commons Annotations {5.1.0.Final}
2024-09-12 05:09:41.614  INFO [epps-integration,,,] 22036 --- [restartedMain] com.zaxxer.hikari.HikariDataSource       : epps-ayu - Starting...
2024-09-12 05:09:42.070  INFO [epps-integration,,,] 22036 --- [restartedMain] com.zaxxer.hikari.HikariDataSource       : epps-ayu - Start completed.
2024-09-12 05:09:42.101  INFO [epps-integration,,,] 22036 --- [restartedMain] org.hibernate.dialect.Dialect            : HHH000400: Using dialect: org.hibernate.dialect.PostgreSQL82Dialect
2024-09-12 05:09:43.723  WARN [epps-integration,,,] 22036 --- [restartedMain] org.hibernate.mapping.RootClass          : HHH000038: Composite-id class does not override equals(): com.epps.framework.notification.mail.application.event.entities.EppsEmployeeLocationLinkPK
2024-09-12 05:09:43.723  WARN [epps-integration,,,] 22036 --- [restartedMain] org.hibernate.mapping.RootClass          : HHH000039: Composite-id class does not override hashCode(): com.epps.framework.notification.mail.application.event.entities.EppsEmployeeLocationLinkPK
2024-09-12 05:09:43.724  WARN [epps-integration,,,] 22036 --- [restartedMain] org.hibernate.mapping.RootClass          : HHH000038: Composite-id class does not override equals(): com.epps.framework.notification.mail.application.event.entities.EppsEmployeeMasterPK
2024-09-12 05:09:43.724  WARN [epps-integration,,,] 22036 --- [restartedMain] org.hibernate.mapping.RootClass          : HHH000039: Composite-id class does not override hashCode(): com.epps.framework.notification.mail.application.event.entities.EppsEmployeeMasterPK
2024-09-12 05:09:44.632  INFO [epps-integration,,,] 22036 --- [restartedMain] o.h.e.t.j.p.i.JtaPlatformInitiator       : HHH000490: Using JtaPlatform implementation: [org.hibernate.engine.transaction.jta.platform.internal.NoJtaPlatform]
2024-09-12 05:09:45.156  WARN [epps-integration,,,] 22036 --- [restartedMain] c.n.c.sources.URLConfigurationSource     : No URLs will be polled as dynamic configuration sources.
2024-09-12 05:09:45.156  INFO [epps-integration,,,] 22036 --- [restartedMain] c.n.c.sources.URLConfigurationSource     : To enable URLs as dynamic configuration sources, define System property archaius.configurationSource.additionalUrls or make config.properties available on classpath.
2024-09-12 05:09:45.425  INFO [epps-integration,,,] 22036 --- [restartedMain] o.s.s.concurrent.ThreadPoolTaskExecutor  : Initializing ExecutorService 'applicationTaskExecutor'
2024-09-12 05:09:47.335  INFO [epps-integration,,,] 22036 --- [restartedMain] onConfiguration$FunctionBindingRegistrar : Functional binding is disabled due to the presense of @EnableBinding annotation in your configuration
2024-09-12 05:09:47.499  INFO [epps-integration,,,] 22036 --- [restartedMain] o.f.c.internal.license.VersionPrinter    : Flyway Community Edition 6.4.4 by Redgate
2024-09-12 05:09:47.905  INFO [epps-integration,,,] 22036 --- [restartedMain] o.f.c.internal.database.DatabaseFactory  : Database: jdbc:postgresql://117.248.111.248:5436/inmdb (PostgreSQL 12.6)
2024-09-12 05:09:48.657  INFO [epps-integration,,,] 22036 --- [restartedMain] o.f.core.internal.database.base.Schema   : Creating schema "inayu" ...
2024-09-12 05:09:49.987  INFO [epps-integration,,,] 22036 --- [restartedMain] o.f.core.internal.database.base.Schema   : Creating schema "inayu" ...
2024-09-12 05:09:51.182  INFO [epps-integration,,,] 22036 --- [restartedMain] o.f.core.internal.database.base.Schema   : Creating schema "inayu" ...
2024-09-12 05:09:52.464  INFO [epps-integration,,,] 22036 --- [restartedMain] o.f.core.internal.database.base.Schema   : Creating schema "inayu" ...
2024-09-12 05:09:53.723  INFO [epps-integration,,,] 22036 --- [restartedMain] o.f.core.internal.database.base.Schema   : Creating schema "inayu" ...
2024-09-12 05:09:54.960  INFO [epps-integration,,,] 22036 --- [restartedMain] o.f.core.internal.database.base.Schema   : Creating schema "inayu" ...
2024-09-12 05:09:56.168  INFO [epps-integration,,,] 22036 --- [restartedMain] o.f.core.internal.database.base.Schema   : Creating schema "inayu" ...
2024-09-12 05:09:57.478  INFO [epps-integration,,,] 22036 --- [restartedMain] o.f.core.internal.database.base.Schema   : Creating schema "inayu" ...
2024-09-12 05:09:58.789  INFO [epps-integration,,,] 22036 --- [restartedMain] o.f.core.internal.database.base.Schema   : Creating schema "inayu" ...
2024-09-12 05:10:00.008  INFO [epps-integration,,,] 22036 --- [restartedMain] o.f.core.internal.database.base.Schema   : Creating schema "inayu" ...
2024-09-12 05:10:00.296  WARN [epps-integration,,,] 22036 --- [restartedMain] ConfigServletWebServerApplicationContext : Exception encountered during context initialization - cancelling refresh attempt: org.springframework.beans.factory.BeanCreationException: Error creating bean with name 'flywayInitializer' defined in class path resource [org/springframework/boot/autoconfigure/flyway/FlywayAutoConfiguration$FlywayConfiguration.class]: Invocation of init method failed; nested exception is org.flywaydb.core.internal.exception.FlywaySqlException: 
Unable to create schema "inayu"
-------------------------------
SQL State  : 42501
Error Code : 0
Message    : ERROR: permission denied for database inmdb

2024-09-12 05:10:00.299  INFO [epps-integration,,,] 22036 --- [restartedMain] o.s.s.concurrent.ThreadPoolTaskExecutor  : Shutting down ExecutorService 'applicationTaskExecutor'
2024-09-12 05:10:00.315  INFO [epps-integration,,,] 22036 --- [restartedMain] o.s.s.c.ThreadPoolTaskScheduler          : Shutting down ExecutorService 'taskScheduler'
2024-09-12 05:10:00.343  INFO [epps-integration,,,] 22036 --- [restartedMain] com.zaxxer.hikari.HikariDataSource       : epps-ayu - Shutdown initiated...
2024-09-12 05:10:00.346  INFO [epps-integration,,,] 22036 --- [restartedMain] com.zaxxer.hikari.HikariDataSource       : epps-ayu - Shutdown completed.
2024-09-12 05:10:00.347  INFO [epps-integration,,,] 22036 --- [restartedMain] o.apache.catalina.core.StandardService   : Stopping service [Tomcat]
2024-09-12 05:10:00.350  WARN [epps-integration,,,] 22036 --- [restartedMain] o.a.c.loader.WebappClassLoaderBase       : The web application [epps-ayu] appears to have started a thread named [RxIoScheduler-1 (Evictor)] but has failed to stop it. This is very likely to create a memory leak. Stack trace of thread:
 sun.misc.Unsafe.park(Native Method)
 java.util.concurrent.locks.LockSupport.parkNanos(Unknown Source)
 java.util.concurrent.locks.AbstractQueuedSynchronizer$ConditionObject.awaitNanos(Unknown Source)
 java.util.concurrent.ScheduledThreadPoolExecutor$DelayedWorkQueue.take(Unknown Source)
 java.util.concurrent.ScheduledThreadPoolExecutor$DelayedWorkQueue.take(Unknown Source)
 java.util.concurrent.ThreadPoolExecutor.getTask(Unknown Source)
 java.util.concurrent.ThreadPoolExecutor.runWorker(Unknown Source)
 java.util.concurrent.ThreadPoolExecutor$Worker.run(Unknown Source)
 java.lang.Thread.run(Unknown Source)
2024-09-12 05:10:00.366  INFO [epps-integration,,,] 22036 --- [restartedMain] ConditionEvaluationReportLoggingListener : 

Error starting ApplicationContext. To display the conditions report re-run your application with 'debug' enabled.
2024-09-12 05:10:00.373 ERROR [epps-integration,,,] 22036 --- [restartedMain] o.s.boot.SpringApplication               : Application run failed

org.springframework.beans.factory.BeanCreationException: Error creating bean with name 'flywayInitializer' defined in class path resource [org/springframework/boot/autoconfigure/flyway/FlywayAutoConfiguration$FlywayConfiguration.class]: Invocation of init method failed; nested exception is org.flywaydb.core.internal.exception.FlywaySqlException: 
Unable to create schema "inayu"
-------------------------------
SQL State  : 42501
Error Code : 0
Message    : ERROR: permission denied for database inmdb

	at org.springframework.beans.factory.support.AbstractAutowireCapableBeanFactory.initializeBean(AbstractAutowireCapableBeanFactory.java:1794) ~[spring-beans-5.2.8.RELEASE.jar:5.2.8.RELEASE]
	at org.springframework.beans.factory.support.AbstractAutowireCapableBeanFactory.doCreateBean(AbstractAutowireCapableBeanFactory.java:594) ~[spring-beans-5.2.8.RELEASE.jar:5.2.8.RELEASE]
	at org.springframework.beans.factory.support.AbstractAutowireCapableBeanFactory.createBean(AbstractAutowireCapableBeanFactory.java:516) ~[spring-beans-5.2.8.RELEASE.jar:5.2.8.RELEASE]
	at org.springframework.beans.factory.support.AbstractBeanFactory.lambda$doGetBean$0(AbstractBeanFactory.java:324) ~[spring-beans-5.2.8.RELEASE.jar:5.2.8.RELEASE]
	at org.springframework.beans.factory.support.DefaultSingletonBeanRegistry.getSingleton(DefaultSingletonBeanRegistry.java:226) ~[spring-beans-5.2.8.RELEASE.jar:5.2.8.RELEASE]
	at org.springframework.beans.factory.support.AbstractBeanFactory.doGetBean(AbstractBeanFactory.java:322) ~[spring-beans-5.2.8.RELEASE.jar:5.2.8.RELEASE]
	at org.springframework.beans.factory.support.AbstractBeanFactory.getBean(AbstractBeanFactory.java:202) ~[spring-beans-5.2.8.RELEASE.jar:5.2.8.RELEASE]
	at org.springframework.beans.factory.support.AbstractBeanFactory.doGetBean(AbstractBeanFactory.java:311) ~[spring-beans-5.2.8.RELEASE.jar:5.2.8.RELEASE]
	at org.springframework.beans.factory.support.AbstractBeanFactory.getBean(AbstractBeanFactory.java:202) ~[spring-beans-5.2.8.RELEASE.jar:5.2.8.RELEASE]
	at org.springframework.beans.factory.support.DefaultListableBeanFactory.preInstantiateSingletons(DefaultListableBeanFactory.java:897) ~[spring-beans-5.2.8.RELEASE.jar:5.2.8.RELEASE]
	at org.springframework.context.support.AbstractApplicationContext.finishBeanFactoryInitialization(AbstractApplicationContext.java:879) ~[spring-context-5.2.8.RELEASE.jar:5.2.8.RELEASE]
	at org.springframework.context.support.AbstractApplicationContext.refresh(AbstractApplicationContext.java:551) ~[spring-context-5.2.8.RELEASE.jar:5.2.8.RELEASE]
	at org.springframework.boot.web.servlet.context.ServletWebServerApplicationContext.refresh(ServletWebServerApplicationContext.java:143) ~[spring-boot-2.3.3.RELEASE.jar:2.3.3.RELEASE]
	at org.springframework.boot.SpringApplication.refresh(SpringApplication.java:758) [spring-boot-2.3.3.RELEASE.jar:2.3.3.RELEASE]
	at org.springframework.boot.SpringApplication.refresh(SpringApplication.java:750) [spring-boot-2.3.3.RELEASE.jar:2.3.3.RELEASE]
	at org.springframework.boot.SpringApplication.refreshContext(SpringApplication.java:397) [spring-boot-2.3.3.RELEASE.jar:2.3.3.RELEASE]
	at org.springframework.boot.SpringApplication.run(SpringApplication.java:315) [spring-boot-2.3.3.RELEASE.jar:2.3.3.RELEASE]
	at org.springframework.boot.SpringApplication.run(SpringApplication.java:1237) [spring-boot-2.3.3.RELEASE.jar:2.3.3.RELEASE]
	at org.springframework.boot.SpringApplication.run(SpringApplication.java:1226) [spring-boot-2.3.3.RELEASE.jar:2.3.3.RELEASE]
	at com.epps.EppsIntegrationApplication.main(EppsIntegrationApplication.java:23) [classes/:na]
	at sun.reflect.NativeMethodAccessorImpl.invoke0(Native Method) ~[na:1.8.0_411]
	at sun.reflect.NativeMethodAccessorImpl.invoke(Unknown Source) ~[na:1.8.0_411]
	at sun.reflect.DelegatingMethodAccessorImpl.invoke(Unknown Source) ~[na:1.8.0_411]
	at java.lang.reflect.Method.invoke(Unknown Source) ~[na:1.8.0_411]
	at org.springframework.boot.devtools.restart.RestartLauncher.run(RestartLauncher.java:49) [spring-boot-devtools-2.3.3.RELEASE.jar:2.3.3.RELEASE]
Caused by: org.flywaydb.core.internal.exception.FlywaySqlException: 
Unable to create schema "inayu"
-------------------------------
SQL State  : 42501
Error Code : 0
Message    : ERROR: permission denied for database inmdb

	at org.flywaydb.core.internal.database.base.Schema.create(Schema.java:120) ~[flyway-core-6.4.4.jar:na]
	at org.flywaydb.core.internal.command.DbSchemas$1.call(DbSchemas.java:91) ~[flyway-core-6.4.4.jar:na]
	at org.flywaydb.core.internal.command.DbSchemas$1.call(DbSchemas.java:80) ~[flyway-core-6.4.4.jar:na]
	at org.flywaydb.core.internal.jdbc.TransactionalExecutionTemplate.execute(TransactionalExecutionTemplate.java:66) ~[flyway-core-6.4.4.jar:na]
	at org.flywaydb.core.internal.command.DbSchemas.create(DbSchemas.java:80) ~[flyway-core-6.4.4.jar:na]
	at org.flywaydb.core.Flyway$1.execute(Flyway.java:193) ~[flyway-core-6.4.4.jar:na]
	at org.flywaydb.core.Flyway$1.execute(Flyway.java:159) ~[flyway-core-6.4.4.jar:na]
	at org.flywaydb.core.Flyway.execute(Flyway.java:530) ~[flyway-core-6.4.4.jar:na]
	at org.flywaydb.core.Flyway.migrate(Flyway.java:159) ~[flyway-core-6.4.4.jar:na]
	at org.springframework.boot.autoconfigure.flyway.FlywayMigrationInitializer.afterPropertiesSet(FlywayMigrationInitializer.java:65) ~[spring-boot-autoconfigure-2.3.3.RELEASE.jar:2.3.3.RELEASE]
	at org.springframework.beans.factory.support.AbstractAutowireCapableBeanFactory.invokeInitMethods(AbstractAutowireCapableBeanFactory.java:1853) ~[spring-beans-5.2.8.RELEASE.jar:5.2.8.RELEASE]
	at org.springframework.beans.factory.support.AbstractAutowireCapableBeanFactory.initializeBean(AbstractAutowireCapableBeanFactory.java:1790) ~[spring-beans-5.2.8.RELEASE.jar:5.2.8.RELEASE]
	... 24 common frames omitted
Caused by: org.postgresql.util.PSQLException: ERROR: permission denied for database inmdb
	at org.postgresql.core.v3.QueryExecutorImpl.receiveErrorResponse(QueryExecutorImpl.java:2532) ~[postgresql-42.2.14.jar:42.2.14]
	at org.postgresql.core.v3.QueryExecutorImpl.processResults(QueryExecutorImpl.java:2267) ~[postgresql-42.2.14.jar:42.2.14]
	at org.postgresql.core.v3.QueryExecutorImpl.execute(QueryExecutorImpl.java:312) ~[postgresql-42.2.14.jar:42.2.14]
	at org.postgresql.jdbc.PgStatement.executeInternal(PgStatement.java:448) ~[postgresql-42.2.14.jar:42.2.14]
	at org.postgresql.jdbc.PgStatement.execute(PgStatement.java:369) ~[postgresql-42.2.14.jar:42.2.14]
	at org.postgresql.jdbc.PgPreparedStatement.executeWithFlags(PgPreparedStatement.java:153) ~[postgresql-42.2.14.jar:42.2.14]
	at org.postgresql.jdbc.PgPreparedStatement.execute(PgPreparedStatement.java:142) ~[postgresql-42.2.14.jar:42.2.14]
	at org.flywaydb.core.internal.jdbc.JdbcTemplate.execute(JdbcTemplate.java:224) ~[flyway-core-6.4.4.jar:na]
	at org.flywaydb.core.internal.database.postgresql.PostgreSQLSchema.doCreate(PostgreSQLSchema.java:72) ~[flyway-core-6.4.4.jar:na]
	at org.flywaydb.core.internal.database.base.Schema.create(Schema.java:118) ~[flyway-core-6.4.4.jar:na]
	... 35 common frames omitted

